生成启动时间为 2014/3/26 21:33:03。
项目“D:\workspace\game\cocos2d-x-2.2.2\projects\mybird\proj.win32\MyFlappyBird.vcxproj”在节点 2 上(build 个目标)。
InitializeBuildStatus:
  正在创建“Debug.win32\MyFlappyBird.unsuccessfulbuild”，因为已指定“AlwaysCreate”。
ClCompile:
  所有输出均为最新。
ResourceCompile:
  所有输出均为最新。
ManifestResourceCompile:
  所有输出均为最新。
PreLinkEvent:
  if not exist "D:\workspace\game\cocos2d-x-2.2.2\projects\mybird\proj.win32\Debug.win32\" mkdir "D:\workspace\game\cocos2d-x-2.2.2\projects\mybird\proj.win32\Debug.win32\"
  xcopy /Y /Q "D:\workspace\game\cocos2d-x-2.2.2\projects\mybird\proj.win32\..\..\..\external\libwebsockets\win32\lib\*.*" "D:\workspace\game\cocos2d-x-2.2.2\projects\mybird\proj.win32\Debug.win32\"
  :VCEnd
  复制了 2 个文件
Link:
  所有输出均为最新。
Manifest:
  所有输出均为最新。
FinalizeBuildStatus:
  正在删除文件“Debug.win32\MyFlappyBird.unsuccessfulbuild”。
  正在对“Debug.win32\MyFlappyBird.lastbuildstate”执行 Touch 任务。
已完成生成项目“D:\workspace\game\cocos2d-x-2.2.2\projects\mybird\proj.win32\MyFlappyBird.vcxproj”(build 个目标)的操作。

生成成功。

已用时间 00:00:01.48
